[debug] [2021-01-11T15:06:03.551Z] ----------------------------------------------------------------------
[debug] [2021-01-11T15:06:03.552Z] Command:       /home/beben/.nvm/versions/node/v12.18.4/bin/node /home/beben/.nvm/versions/node/v12.18.4/bin/firebase deploy
[debug] [2021-01-11T15:06:03.552Z] CLI Version:   9.1.2
[debug] [2021-01-11T15:06:03.552Z] Platform:      linux
[debug] [2021-01-11T15:06:03.552Z] Node Version:  v12.18.4
[debug] [2021-01-11T15:06:03.552Z] Time:          Mon Jan 11 2021 22:06:03 GMT+0700 (Western Indonesia Time)
[debug] [2021-01-11T15:06:03.552Z] ----------------------------------------------------------------------
[debug] [2021-01-11T15:06:03.553Z] 
[debug] [2021-01-11T15:06:03.556Z] > command requires scopes: ["email","openid","https://www.googleapis.com/auth/cloudplatformprojects.readonly","https://www.googleapis.com/auth/firebase","https://www.googleapis.com/auth/cloud-platform"]
[debug] [2021-01-11T15:06:03.556Z] > authorizing via signed-in user
[debug] [2021-01-11T15:06:03.556Z] [iam] checking project reduction-admin for permissions ["firebase.projects.get","firebasehosting.sites.update"]
[debug] [2021-01-11T15:06:03.558Z] >>> HTTP REQUEST POST https://cloudresourcemanager.googleapis.com/v1/projects/reduction-admin:testIamPermissions  
 {"permissions":["firebase.projects.get","firebasehosting.sites.update"]}
[debug] [2021-01-11T15:06:04.815Z] <<< HTTP RESPONSE 200 {"content-type":"application/json; charset=UTF-8","vary":"X-Origin, Referer, Origin,Accept-Encoding","date":"Mon, 11 Jan 2021 15:06:04 GMT","server":"ESF","cache-control":"private","x-xss-protection":"0","x-frame-options":"SAMEORIGIN","x-content-type-options":"nosniff","server-timing":"gfet4t7; dur=1094","alt-svc":"h3-29=\":443\"; ma=2592000,h3-T051=\":443\"; ma=2592000,h3-Q050=\":443\"; ma=2592000,h3-Q046=\":443\"; ma=2592000,h3-Q043=\":443\"; ma=2592000,quic=\":443\"; ma=2592000; v=\"46,43\"","accept-ranges":"none","transfer-encoding":"chunked"}
[debug] [2021-01-11T15:06:04.816Z] [iam] error while checking permissions, command may fail: FirebaseError: Authorization failed. This account is missing the following required permissions on project reduction-admin:

  firebase.projects.get
  firebasehosting.sites.update
[debug] [2021-01-11T15:06:04.817Z] >>> HTTP REQUEST GET https://firebase.googleapis.com/v1beta1/projects/reduction-admin  
 
[debug] [2021-01-11T15:06:05.178Z] <<< HTTP RESPONSE 403 {"vary":"X-Origin, Referer, Origin,Accept-Encoding","content-type":"application/json; charset=UTF-8","date":"Mon, 11 Jan 2021 15:06:05 GMT","server":"ESF","cache-control":"private","x-xss-protection":"0","x-frame-options":"SAMEORIGIN","x-content-type-options":"nosniff","alt-svc":"h3-29=\":443\"; ma=2592000,h3-T051=\":443\"; ma=2592000,h3-Q050=\":443\"; ma=2592000,h3-Q046=\":443\"; ma=2592000,h3-Q043=\":443\"; ma=2592000,quic=\":443\"; ma=2592000; v=\"46,43\"","accept-ranges":"none","transfer-encoding":"chunked"}
[debug] [2021-01-11T15:06:05.179Z] <<< HTTP RESPONSE BODY {"error":{"code":403,"message":"The caller does not have permission","status":"PERMISSION_DENIED"}}
[debug] [2021-01-11T15:06:05.180Z] HTTP Error: 403, The caller does not have permission
[debug] [2021-01-11T15:06:05.401Z] FirebaseError: HTTP Error: 403, The caller does not have permission
    at module.exports (/home/beben/.nvm/versions/node/v12.18.4/lib/node_modules/firebase-tools/lib/responseToError.js:38:12)
    at Request._callback (/home/beben/.nvm/versions/node/v12.18.4/lib/node_modules/firebase-tools/lib/api.js:41:35)
    at Request.self.callback (/home/beben/.nvm/versions/node/v12.18.4/lib/node_modules/firebase-tools/node_modules/request/request.js:185:22)
    at Request.emit (events.js:315:20)
    at Request.EventEmitter.emit (domain.js:483:12)
    at Request.<anonymous> (/home/beben/.nvm/versions/node/v12.18.4/lib/node_modules/firebase-tools/node_modules/request/request.js:1154:10)
    at Request.emit (events.js:315:20)
    at Request.EventEmitter.emit (domain.js:483:12)
    at IncomingMessage.<anonymous> (/home/beben/.nvm/versions/node/v12.18.4/lib/node_modules/firebase-tools/node_modules/request/request.js:1076:12)
    at Object.onceWrapper (events.js:421:28)
    at IncomingMessage.emit (events.js:327:22)
    at IncomingMessage.EventEmitter.emit (domain.js:483:12)
    at endReadableNT (_stream_readable.js:1220:12)
    at processTicksAndRejections (internal/process/task_queues.js:84:21)
[error] 
[error] Error: Failed to get Firebase project reduction-admin. Please make sure the project exists and your account has permission to access it.
[debug] [2021-01-11T15:06:17.387Z] ----------------------------------------------------------------------
[debug] [2021-01-11T15:06:17.388Z] Command:       /home/beben/.nvm/versions/node/v12.18.4/bin/node /home/beben/.nvm/versions/node/v12.18.4/bin/firebase init
[debug] [2021-01-11T15:06:17.388Z] CLI Version:   9.1.2
[debug] [2021-01-11T15:06:17.388Z] Platform:      linux
[debug] [2021-01-11T15:06:17.388Z] Node Version:  v12.18.4
[debug] [2021-01-11T15:06:17.388Z] Time:          Mon Jan 11 2021 22:06:17 GMT+0700 (Western Indonesia Time)
[debug] [2021-01-11T15:06:17.389Z] ----------------------------------------------------------------------
[debug] [2021-01-11T15:06:17.389Z] 
[debug] [2021-01-11T15:06:17.391Z] > command requires scopes: ["email","openid","https://www.googleapis.com/auth/cloudplatformprojects.readonly","https://www.googleapis.com/auth/firebase","https://www.googleapis.com/auth/cloud-platform"]
[debug] [2021-01-11T15:06:17.391Z] > authorizing via signed-in user
[info] 
     ######## #### ########  ######## ########     ###     ######  ########
     ##        ##  ##     ## ##       ##     ##  ##   ##  ##       ##
     ######    ##  ########  ######   ########  #########  ######  ######
     ##        ##  ##    ##  ##       ##     ## ##     ##       ## ##
     ##       #### ##     ## ######## ########  ##     ##  ######  ########

You're about to initialize a Firebase project in this directory:

  /home/beben/Documents/Github/admin-pelapak-fe

Before we get started, keep in mind:

  * You are initializing in an existing Firebase project directory

[info] 
=== Project Setup
[info] 
[info] First, let's associate this project directory with a Firebase project.
[info] You can create multiple project aliases by running firebase use --add, 
[info] but for now we'll just set up a default project.
[info] 
[info] i  .firebaserc already has a default project, using reduction-admin. 
[debug] [2021-01-11T15:06:19.534Z] >>> HTTP REQUEST GET https://firebase.googleapis.com/v1beta1/projects/reduction-admin  
 
[debug] [2021-01-11T15:06:24.886Z] <<< HTTP RESPONSE 403 {"vary":"X-Origin, Referer, Origin,Accept-Encoding","content-type":"application/json; charset=UTF-8","date":"Mon, 11 Jan 2021 15:06:24 GMT","server":"ESF","cache-control":"private","x-xss-protection":"0","x-frame-options":"SAMEORIGIN","x-content-type-options":"nosniff","alt-svc":"h3-29=\":443\"; ma=2592000,h3-T051=\":443\"; ma=2592000,h3-Q050=\":443\"; ma=2592000,h3-Q046=\":443\"; ma=2592000,h3-Q043=\":443\"; ma=2592000,quic=\":443\"; ma=2592000; v=\"46,43\"","accept-ranges":"none","transfer-encoding":"chunked"}
[debug] [2021-01-11T15:06:24.887Z] <<< HTTP RESPONSE BODY {"error":{"code":403,"message":"The caller does not have permission","status":"PERMISSION_DENIED"}}
[debug] [2021-01-11T15:06:24.888Z] HTTP Error: 403, The caller does not have permission
[debug] [2021-01-11T15:06:25.089Z] FirebaseError: HTTP Error: 403, The caller does not have permission
    at module.exports (/home/beben/.nvm/versions/node/v12.18.4/lib/node_modules/firebase-tools/lib/responseToError.js:38:12)
    at Request._callback (/home/beben/.nvm/versions/node/v12.18.4/lib/node_modules/firebase-tools/lib/api.js:41:35)
    at Request.self.callback (/home/beben/.nvm/versions/node/v12.18.4/lib/node_modules/firebase-tools/node_modules/request/request.js:185:22)
    at Request.emit (events.js:315:20)
    at Request.EventEmitter.emit (domain.js:483:12)
    at Request.<anonymous> (/home/beben/.nvm/versions/node/v12.18.4/lib/node_modules/firebase-tools/node_modules/request/request.js:1154:10)
    at Request.emit (events.js:315:20)
    at Request.EventEmitter.emit (domain.js:483:12)
    at IncomingMessage.<anonymous> (/home/beben/.nvm/versions/node/v12.18.4/lib/node_modules/firebase-tools/node_modules/request/request.js:1076:12)
    at Object.onceWrapper (events.js:421:28)
    at IncomingMessage.emit (events.js:327:22)
    at IncomingMessage.EventEmitter.emit (domain.js:483:12)
    at endReadableNT (_stream_readable.js:1220:12)
    at processTicksAndRejections (internal/process/task_queues.js:84:21)
[error] 
[error] Error: Failed to get Firebase project reduction-admin. Please make sure the project exists and your account has permission to access it.
